<?xml version="1.0" encoding="UTF-8"?>
<!-- Generated by org.testng.reporters.JUnitReportReporter -->
<testsuite hostname="DESKTOP-35QI2EL" failures="0" tests="1" name="testCase_POM.Testcase11" time="45.920" errors="0" timestamp="2024-09-16T16:37:09 IST" skipped="0">
  <testcase classname="testCase_POM.Testcase11" name="Checkout" time="45.920"/>
  <system-out>
    <![CDATA[test case is pass]]>
  </system-out>
</testsuite> <!-- testCase_POM.Testcase11 -->
