<?xml version="1.0" encoding="UTF-8"?>
<!-- Generated by org.testng.reporters.JUnitReportReporter -->
<testsuite hostname="DESKTOP-35QI2EL" failures="0" tests="1" name="testCase_POM.TestCase4" time="13.636" errors="0" timestamp="2024-09-16T13:48:26 IST" skipped="0">
  <testcase classname="testCase_POM.TestCase4" name="purchase" time="13.636"/>
  <system-out>
    <![CDATA[test case is pass]]>
  </system-out>
</testsuite> <!-- testCase_POM.TestCase4 -->
