<?xml version="1.0" encoding="UTF-8"?>
<!-- Generated by org.testng.reporters.JUnitReportReporter -->
<testsuite hostname="DESKTOP-35QI2EL" failures="0" tests="1" name="testCase_POM.TestCase3" time="13.477" errors="0" timestamp="2024-09-16T12:02:36 IST" skipped="0">
  <testcase classname="testCase_POM.TestCase3" name="register" time="13.477"/>
  <system-out>
    <![CDATA[test case is pass]]>
  </system-out>
</testsuite> <!-- testCase_POM.TestCase3 -->
