<?xml version="1.0" encoding="UTF-8"?>
<!-- Generated by org.testng.reporters.JUnitReportReporter -->
<testsuite hostname="DESKTOP-35QI2EL" failures="0" tests="1" name="testCase_POM.Testcase15" time="32.836" errors="0" timestamp="2024-09-16T18:31:36 IST" skipped="0">
  <testcase classname="testCase_POM.Testcase15" name="search_product" time="32.836"/>
  <system-out>
    <![CDATA[test case is pass]]>
  </system-out>
</testsuite> <!-- testCase_POM.Testcase15 -->
