<?xml version="1.0" encoding="UTF-8"?>
<!-- Generated by org.testng.reporters.JUnitReportReporter -->
<testsuite hostname="DESKTOP-35QI2EL" failures="0" tests="1" name="testCase_POM.Testcase13" time="46.243" errors="0" timestamp="2024-09-16T17:48:47 IST" skipped="0">
  <testcase classname="testCase_POM.Testcase13" name="Checkout" time="46.243"/>
  <system-out>
    <![CDATA[test case is pass]]>
  </system-out>
</testsuite> <!-- testCase_POM.Testcase13 -->
