<?xml version="1.0" encoding="UTF-8"?>
<!-- Generated by org.testng.reporters.JUnitReportReporter -->
<testsuite hostname="DESKTOP-35QI2EL" failures="0" tests="1" name="testCase_POM.TestCase14" time="40.791" errors="0" timestamp="2024-09-16T16:54:25 IST" skipped="0">
  <testcase classname="testCase_POM.TestCase14" name="Checkpayment" time="40.791"/>
  <system-out/>
</testsuite> <!-- testCase_POM.TestCase14 -->
